\BOOKMARK [1][-]{section.1}{Remerciements}{}% 1
\BOOKMARK [1][-]{section.2}{Pr\351sentation de l'entreprise}{}% 2
\BOOKMARK [2][-]{subsection.2.1}{Clients}{section.2}% 3
\BOOKMARK [2][-]{subsection.2.2}{Organigramme}{section.2}% 4
\BOOKMARK [1][-]{section.3}{Pr\351sentation de l'environnement de travail}{}% 5
\BOOKMARK [2][-]{subsection.3.1}{Environnement de d\351veloppement}{section.3}% 6
\BOOKMARK [2][-]{subsection.3.2}{Cycle de d\351veloppement}{section.3}% 7
\BOOKMARK [1][-]{section.4}{Projet Magento Docker}{}% 8
\BOOKMARK [2][-]{subsection.4.1}{Probl\351matiques}{section.4}% 9
\BOOKMARK [2][-]{subsection.4.2}{Image mise en place}{section.4}% 10
\BOOKMARK [2][-]{subsection.4.3}{Scripts de gestion}{section.4}% 11
\BOOKMARK [2][-]{subsection.4.4}{Conclusion}{section.4}% 12
\BOOKMARK [1][-]{section.5}{Projet Aello}{}% 13
\BOOKMARK [2][-]{subsection.5.1}{Technologies utilis\351s}{section.5}% 14
\BOOKMARK [3][-]{subsubsection.5.1.1}{Magento}{subsection.5.1}% 15
\BOOKMARK [3][-]{subsubsection.5.1.2}{Docker}{subsection.5.1}% 16
\BOOKMARK [2][-]{subsection.5.2}{Projet initial}{section.5}% 17
\BOOKMARK [3][-]{subsubsection.5.2.1}{Pr\351sentation du client}{subsection.5.2}% 18
\BOOKMARK [3][-]{subsubsection.5.2.2}{Architecture}{subsection.5.2}% 19
\BOOKMARK [2][-]{subsection.5.3}{D\351veloppement du lot 2}{section.5}% 20
\BOOKMARK [3][-]{subsubsection.5.3.1}{Corrections et am\351lioration visuelle}{subsection.5.3}% 21
\BOOKMARK [3][-]{subsubsection.5.3.2}{Produits favoris}{subsection.5.3}% 22
\BOOKMARK [3][-]{subsubsection.5.3.3}{Produits r\351currents}{subsection.5.3}% 23
\BOOKMARK [3][-]{subsubsection.5.3.4}{Synchronisation des factures}{subsection.5.3}% 24
\BOOKMARK [3][-]{subsubsection.5.3.5}{Synchronisation ERP}{subsection.5.3}% 25
\BOOKMARK [2][-]{subsection.5.4}{Conclusion}{section.5}% 26
\BOOKMARK [1][-]{section.6}{Bilan de stage}{}% 27
\BOOKMARK [2][-]{subsection.6.1}{Difficult\351s rencontr\351s}{section.6}% 28
\BOOKMARK [2][-]{subsection.6.2}{Bilan personnel}{section.6}% 29
